<?xml version="1.0" encoding="UTF-8"?>
<testng-results ignored="0" total="1" passed="1" failed="0" skipped="0">
  <reporter-output>
  </reporter-output>
  <suite started-at="2025-02-23T15:27:05 EST" name="Suite" finished-at="2025-02-23T15:27:16 EST" duration-ms="10705">
    <groups>
      <group name="regression">
        <method signature="LoginTest.verifyLogin()[pri:0, instance:tutorialNinja.testCases.LoginTest@1fdf1c5]" name="verifyLogin" class="tutorialNinja.testCases.LoginTest"/>
      </group> <!-- regression -->
    </groups>
    <test started-at="2025-02-23T15:27:05 EST" name="Test" finished-at="2025-02-23T15:27:16 EST" duration-ms="10705">
      <class name="tutorialNinja.testCases.LoginTest">
        <test-method is-config="true" signature="setup()[pri:0, instance:tutorialNinja.testCases.LoginTest@1fdf1c5]" started-at="2025-02-23T15:27:05 EST" name="setup" finished-at="2025-02-23T15:27:13 EST" duration-ms="7261" status="PASS">
          <reporter-output>
          </reporter-output>
        </test-method> <!-- setup -->
        <test-method signature="verifyLogin()[pri:0, instance:tutorialNinja.testCases.LoginTest@1fdf1c5]" started-at="2025-02-23T15:27:13 EST" name="verifyLogin" finished-at="2025-02-23T15:27:16 EST" duration-ms="3019" status="PASS">
          <reporter-output>
          </reporter-output>
        </test-method> <!-- verifyLogin -->
        <test-method is-config="true" signature="tearDown()[pri:0, instance:tutorialNinja.testCases.LoginTest@1fdf1c5]" started-at="2025-02-23T15:27:16 EST" name="tearDown" finished-at="2025-02-23T15:27:16 EST" duration-ms="171" status="PASS">
          <reporter-output>
          </reporter-output>
        </test-method> <!-- tearDown -->
      </class> <!-- tutorialNinja.testCases.LoginTest -->
    </test> <!-- Test -->
  </suite> <!-- Suite -->
</testng-results>
