<?xml version="1.0" encoding="UTF-8"?>
<testng-results ignored="0" total="1" passed="1" failed="0" skipped="0">
  <reporter-output>
  </reporter-output>
  <suite started-at="2025-02-20T14:28:48 EST" name="Suite" finished-at="2025-02-20T14:28:57 EST" duration-ms="9307">
    <groups>
      <group name="regression">
        <method signature="LoginTest.verifyLogin()[pri:0, instance:tutorialNinja.testCases.LoginTest@795cd85e]" name="verifyLogin" class="tutorialNinja.testCases.LoginTest"/>
      </group> <!-- regression -->
    </groups>
    <test started-at="2025-02-20T14:28:48 EST" name="Test" finished-at="2025-02-20T14:28:57 EST" duration-ms="9307">
      <class name="tutorialNinja.testCases.LoginTest">
        <test-method is-config="true" signature="setup(java.lang.String)[pri:0, instance:tutorialNinja.testCases.LoginTest@795cd85e]" started-at="2025-02-20T14:28:48 EST" name="setup" finished-at="2025-02-20T14:28:55 EST" duration-ms="6127" status="PASS">
          <params>
            <param index="0">
              <value>
                <![CDATA[chrome]]>
              </value>
            </param>
          </params>
          <reporter-output>
          </reporter-output>
        </test-method> <!-- setup -->
        <test-method signature="verifyLogin()[pri:0, instance:tutorialNinja.testCases.LoginTest@795cd85e]" started-at="2025-02-20T14:28:55 EST" name="verifyLogin" finished-at="2025-02-20T14:28:57 EST" duration-ms="2787" status="PASS">
          <reporter-output>
          </reporter-output>
        </test-method> <!-- verifyLogin -->
        <test-method is-config="true" signature="tearDown()[pri:0, instance:tutorialNinja.testCases.LoginTest@795cd85e]" started-at="2025-02-20T14:28:57 EST" name="tearDown" finished-at="2025-02-20T14:28:57 EST" duration-ms="143" status="PASS">
          <reporter-output>
          </reporter-output>
        </test-method> <!-- tearDown -->
      </class> <!-- tutorialNinja.testCases.LoginTest -->
    </test> <!-- Test -->
  </suite> <!-- Suite -->
</testng-results>
